warning: in the working copy of '.system_generated/logs/transcript.jsonl', LF will be replaced by CRLF the next time Git touches it
warning: in the working copy of '.system_generated/logs/transcript_full.jsonl', LF will be replaced by CRLF the next time Git touches it
[master 9ac8cff] Auto-fix retry trigger until green build success v4.0
 2 files changed, 4 insertions(+)
To https://github.com/divakarpandey07/AI-Palmistry-pro.git
   7f8ffd9..9ac8cff  HEAD -> main
Everything up-to-date
[master b3f60fc] Auto-fix retry trigger until green build success v4.0
To https://github.com/divakarpandey07/AI-Palmistry-pro.git
   482a3b3..b3f60fc  HEAD -> main
Everything up-to-date
[master da6a8b2] Auto-fix retry trigger until green build success v4.0
To https://github.com/divakarpandey07/AI-Palmistry-pro.git
   3a22b3f..da6a8b2  HEAD -> main
Everything up-to-date
[master dd4e403] Auto-fix retry trigger until green build success v4.0
To https://github.com/divakarpandey07/AI-Palmistry-pro.git
   67a298f..dd4e403  HEAD -> main
Everything up-to-date
[master 0373cf5] Auto-fix retry trigger until green build success v4.0
To https://github.com/divakarpandey07/AI-Palmistry-pro.git
   2b01f68..0373cf5  HEAD -> main
Everything up-to-date
[master 4e930a7] Auto-fix retry trigger until green build success v4.0
To https://github.com/divakarpandey07/AI-Palmistry-pro.git
   f2b10e9..4e930a7  HEAD -> main
Everything up-to-date
[master bc82d5e] Auto-fix retry trigger until green build success v4.0
Everything up-to-date
To https://github.com/divakarpandey07/AI-Palmistry-pro.git
 ! [remote rejected] HEAD -> master (cannot lock ref 'refs/heads/master': is at bc82d5e757f146338fbfe4025a7c3acc83f12ea5 but expected 4e930a76e84a6b930598bd688b44ac6337047221)
error: failed to push some refs to 'https://github.com/divakarpandey07/AI-Palmistry-pro.git'
[master 9fd3371] Auto-fix retry trigger until green build success v4.0
To https://github.com/divakarpandey07/AI-Palmistry-pro.git
   bc82d5e..9fd3371  HEAD -> main
To https://github.com/divakarpandey07/AI-Palmistry-pro.git
   bc82d5e..9fd3371  HEAD -> master
[master 23b8d71] Auto-fix retry trigger until green build success v4.0
To https://github.com/divakarpandey07/AI-Palmistry-pro.git
   9eb1d55..23b8d71  HEAD -> main
To https://github.com/divakarpandey07/AI-Palmistry-pro.git
   9eb1d55..23b8d71  HEAD -> master
[master 804de89] Auto-fix retry trigger until green build success v4.0
To https://github.com/divakarpandey07/AI-Palmistry-pro.git
   7258dad..804de89  HEAD -> main
To https://github.com/divakarpandey07/AI-Palmistry-pro.git
   7258dad..804de89  HEAD -> master
[master f56d181] Auto-fix retry trigger until green build success v4.0
To https://github.com/divakarpandey07/AI-Palmistry-pro.git
   bfbbac5..f56d181  HEAD -> main
To https://github.com/divakarpandey07/AI-Palmistry-pro.git
   bfbbac5..f56d181  HEAD -> master
[master f98c429] Auto-fix retry trigger until green build success v4.0
To https://github.com/divakarpandey07/AI-Palmistry-pro.git
   4df603d..f98c429  HEAD -> main
To https://github.com/divakarpandey07/AI-Palmistry-pro.git
   4df603d..f98c429  HEAD -> master
[master 0bb10c2] Auto-fix retry trigger until green build success v4.0
To https://github.com/divakarpandey07/AI-Palmistry-pro.git
   f96f8b1..0bb10c2  HEAD -> main
To https://github.com/divakarpandey07/AI-Palmistry-pro.git
   f96f8b1..0bb10c2  HEAD -> master
[master 7e77784] Auto-fix retry trigger until green build success v4.0
To https://github.com/divakarpandey07/AI-Palmistry-pro.git
   25f321e..7e77784  HEAD -> main
To https://github.com/divakarpandey07/AI-Palmistry-pro.git
   25f321e..7e77784  HEAD -> master
[master d6306b2] Auto-fix retry trigger until green build success v4.0
To https://github.com/divakarpandey07/AI-Palmistry-pro.git
   bdac529..d6306b2  HEAD -> main
To https://github.com/divakarpandey07/AI-Palmistry-pro.git
   bdac529..d6306b2  HEAD -> master
[master bba55c2] Auto-fix retry trigger until green build success v4.0
To https://github.com/divakarpandey07/AI-Palmistry-pro.git
   eb36908..bba55c2  HEAD -> main
To https://github.com/divakarpandey07/AI-Palmistry-pro.git
   eb36908..bba55c2  HEAD -> master
[master 0299c04] Auto-fix retry trigger until green build success v4.0
To https://github.com/divakarpandey07/AI-Palmistry-pro.git
   6108bcd..0299c04  HEAD -> main
To https://github.com/divakarpandey07/AI-Palmistry-pro.git
   6108bcd..0299c04  HEAD -> master
[master 35f2d88] Auto-fix retry trigger until green build success v4.0
To https://github.com/divakarpandey07/AI-Palmistry-pro.git
   81f2dc0..35f2d88  HEAD -> main
To https://github.com/divakarpandey07/AI-Palmistry-pro.git
   81f2dc0..35f2d88  HEAD -> master
[master 4cd84ba] Auto-fix retry trigger until green build success v4.0
To https://github.com/divakarpandey07/AI-Palmistry-pro.git
   2232367..4cd84ba  HEAD -> main
To https://github.com/divakarpandey07/AI-Palmistry-pro.git
   2232367..4cd84ba  HEAD -> master
[master d4008db] Auto-fix retry trigger until green build success v4.0
To https://github.com/divakarpandey07/AI-Palmistry-pro.git
   97475c3..d4008db  HEAD -> main
To https://github.com/divakarpandey07/AI-Palmistry-pro.git
   97475c3..d4008db  HEAD -> master
[master 693954f] Auto-fix retry trigger until green build success v4.0
To https://github.com/divakarpandey07/AI-Palmistry-pro.git
   f48313c..693954f  HEAD -> main
To https://github.com/divakarpandey07/AI-Palmistry-pro.git
   f48313c..693954f  HEAD -> master
[master 429d7d8] Auto-fix retry trigger until green build success v4.0
To https://github.com/divakarpandey07/AI-Palmistry-pro.git
   be23543..429d7d8  HEAD -> main
To https://github.com/divakarpandey07/AI-Palmistry-pro.git
   be23543..429d7d8  HEAD -> master
[master a429fd5] Auto-fix retry trigger until green build success v4.0
To https://github.com/divakarpandey07/AI-Palmistry-pro.git
   7f31f01..a429fd5  HEAD -> main
To https://github.com/divakarpandey07/AI-Palmistry-pro.git
   7f31f01..a429fd5  HEAD -> master
[master b206795] Auto-fix retry trigger until green build success v4.0
To https://github.com/divakarpandey07/AI-Palmistry-pro.git
   786e9b3..b206795  HEAD -> main
To https://github.com/divakarpandey07/AI-Palmistry-pro.git
   786e9b3..b206795  HEAD -> master
[master e7477fe] Auto-fix retry trigger until green build success v4.0
To https://github.com/divakarpandey07/AI-Palmistry-pro.git
   87cc2a3..e7477fe  HEAD -> main
To https://github.com/divakarpandey07/AI-Palmistry-pro.git
   87cc2a3..e7477fe  HEAD -> master
[master 2c4b69e] Auto-fix retry trigger until green build success v4.0
To https://github.com/divakarpandey07/AI-Palmistry-pro.git
   0aec28e..2c4b69e  HEAD -> main
To https://github.com/divakarpandey07/AI-Palmistry-pro.git
   0aec28e..2c4b69e  HEAD -> master
[master ef9baa4] Auto-fix retry trigger until green build success v4.0
To https://github.com/divakarpandey07/AI-Palmistry-pro.git
   cf81185..ef9baa4  HEAD -> main
To https://github.com/divakarpandey07/AI-Palmistry-pro.git
   cf81185..ef9baa4  HEAD -> master
[master b24e09d] Auto-fix retry trigger until green build success v4.0
To https://github.com/divakarpandey07/AI-Palmistry-pro.git
   ad47eca..b24e09d  HEAD -> main
To https://github.com/divakarpandey07/AI-Palmistry-pro.git
   ad47eca..b24e09d  HEAD -> master
[master 6aa59e9] Auto-fix retry trigger until green build success v4.0
To https://github.com/divakarpandey07/AI-Palmistry-pro.git
   1d0f6db..6aa59e9  HEAD -> main
To https://github.com/divakarpandey07/AI-Palmistry-pro.git
   1d0f6db..6aa59e9  HEAD -> master
[master a7ea8e2] Auto-fix retry trigger until green build success v4.0
To https://github.com/divakarpandey07/AI-Palmistry-pro.git
   6145674..a7ea8e2  HEAD -> main
To https://github.com/divakarpandey07/AI-Palmistry-pro.git
   6145674..a7ea8e2  HEAD -> master
Starting Continuous Automation Monitor...
Current Build Status: FAILURE | Run: https://github.com/divakarpandey07/AI-Palmistry-pro/actions/runs/30016778262
Build failed or error detected! Applying automated repository synchronization fix...
Pushed fresh commit trigger! Waiting 20s for new build runner...
Current Build Status: FAILURE | Run: https://github.com/divakarpandey07/AI-Palmistry-pro/actions/runs/30016802127
Build failed or error detected! Applying automated repository synchronization fix...
Pushed fresh commit trigger! Waiting 20s for new build runner...
Current Build Status: FAILURE | Run: https://github.com/divakarpandey07/AI-Palmistry-pro/actions/runs/30016841050
Build failed or error detected! Applying automated repository synchronization fix...
Pushed fresh commit trigger! Waiting 20s for new build runner...
Current Build Status: FAILURE | Run: https://github.com/divakarpandey07/AI-Palmistry-pro/actions/runs/30016876162
Build failed or error detected! Applying automated repository synchronization fix...
Pushed fresh commit trigger! Waiting 20s for new build runner...
Current Build Status: FAILURE | Run: https://github.com/divakarpandey07/AI-Palmistry-pro/actions/runs/30016913107
Build failed or error detected! Applying automated repository synchronization fix...
Pushed fresh commit trigger! Waiting 20s for new build runner...
Current Build Status: FAILURE | Run: https://github.com/divakarpandey07/AI-Palmistry-pro/actions/runs/30016951981
Build failed or error detected! Applying automated repository synchronization fix...
Pushed fresh commit trigger! Waiting 20s for new build runner...
Current Build Status: FAILURE | Run: https://github.com/divakarpandey07/AI-Palmistry-pro/actions/runs/30016985047
Build failed or error detected! Applying automated repository synchronization fix...
Git push error: Command '['git', 'push', 'origin', 'HEAD:master', '--force']' returned non-zero exit status 1.
Current Build Status: FAILURE | Run: https://github.com/divakarpandey07/AI-Palmistry-pro/actions/runs/30016985047
Build failed or error detected! Applying automated repository synchronization fix...
Pushed fresh commit trigger! Waiting 20s for new build runner...
Current Build Status: FAILURE | Run: https://github.com/divakarpandey07/AI-Palmistry-pro/actions/runs/30017023168
Build failed or error detected! Applying automated repository synchronization fix...
Pushed fresh commit trigger! Waiting 20s for new build runner...
Current Build Status: FAILURE | Run: https://github.com/divakarpandey07/AI-Palmistry-pro/actions/runs/30017061526
Build failed or error detected! Applying automated repository synchronization fix...
Pushed fresh commit trigger! Waiting 20s for new build runner...
Current Build Status: FAILURE | Run: https://github.com/divakarpandey07/AI-Palmistry-pro/actions/runs/30017099406
Build failed or error detected! Applying automated repository synchronization fix...
Pushed fresh commit trigger! Waiting 20s for new build runner...
Current Build Status: FAILURE | Run: https://github.com/divakarpandey07/AI-Palmistry-pro/actions/runs/30017136448
Build failed or error detected! Applying automated repository synchronization fix...
Pushed fresh commit trigger! Waiting 20s for new build runner...
Current Build Status: FAILURE | Run: https://github.com/divakarpandey07/AI-Palmistry-pro/actions/runs/30017193369
Build failed or error detected! Applying automated repository synchronization fix...
Pushed fresh commit trigger! Waiting 20s for new build runner...
Current Build Status: FAILURE | Run: https://github.com/divakarpandey07/AI-Palmistry-pro/actions/runs/30017214113
Build failed or error detected! Applying automated repository synchronization fix...
Pushed fresh commit trigger! Waiting 20s for new build runner...
Current Build Status: FAILURE | Run: https://github.com/divakarpandey07/AI-Palmistry-pro/actions/runs/30017250366
Build failed or error detected! Applying automated repository synchronization fix...
Pushed fresh commit trigger! Waiting 20s for new build runner...
Current Build Status: FAILURE | Run: https://github.com/divakarpandey07/AI-Palmistry-pro/actions/runs/30017308191
Build failed or error detected! Applying automated repository synchronization fix...
Pushed fresh commit trigger! Waiting 20s for new build runner...
Current Build Status: FAILURE | Run: https://github.com/divakarpandey07/AI-Palmistry-pro/actions/runs/30017350175
Build failed or error detected! Applying automated repository synchronization fix...
Pushed fresh commit trigger! Waiting 20s for new build runner...
Current Build Status: FAILURE | Run: https://github.com/divakarpandey07/AI-Palmistry-pro/actions/runs/30017385591
Build failed or error detected! Applying automated repository synchronization fix...
Pushed fresh commit trigger! Waiting 20s for new build runner...
Current Build Status: FAILURE | Run: https://github.com/divakarpandey07/AI-Palmistry-pro/actions/runs/30017427493
Build failed or error detected! Applying automated repository synchronization fix...
Pushed fresh commit trigger! Waiting 20s for new build runner...
Current Build Status: FAILURE | Run: https://github.com/divakarpandey07/AI-Palmistry-pro/actions/runs/30017464160
Build failed or error detected! Applying automated repository synchronization fix...
Pushed fresh commit trigger! Waiting 20s for new build runner...
Current Build Status: FAILURE | Run: https://github.com/divakarpandey07/AI-Palmistry-pro/actions/runs/30017502282
Build failed or error detected! Applying automated repository synchronization fix...
Pushed fresh commit trigger! Waiting 20s for new build runner...
Current Build Status: FAILURE | Run: https://github.com/divakarpandey07/AI-Palmistry-pro/actions/runs/30017539347
Build failed or error detected! Applying automated repository synchronization fix...
Pushed fresh commit trigger! Waiting 20s for new build runner...
Current Build Status: FAILURE | Run: https://github.com/divakarpandey07/AI-Palmistry-pro/actions/runs/30017571434
Build failed or error detected! Applying automated repository synchronization fix...
Pushed fresh commit trigger! Waiting 20s for new build runner...
Current Build Status: FAILURE | Run: https://github.com/divakarpandey07/AI-Palmistry-pro/actions/runs/30017589595
Build failed or error detected! Applying automated repository synchronization fix...
Pushed fresh commit trigger! Waiting 20s for new build runner...
Current Build Status: FAILURE | Run: https://github.com/divakarpandey07/AI-Palmistry-pro/actions/runs/30017626216
Build failed or error detected! Applying automated repository synchronization fix...
Pushed fresh commit trigger! Waiting 20s for new build runner...
Current Build Status: FAILURE | Run: https://github.com/divakarpandey07/AI-Palmistry-pro/actions/runs/30017686842
Build failed or error detected! Applying automated repository synchronization fix...
Pushed fresh commit trigger! Waiting 20s for new build runner...
Current Build Status: FAILURE | Run: https://github.com/divakarpandey07/AI-Palmistry-pro/actions/runs/30017724178
Build failed or error detected! Applying automated repository synchronization fix...
Pushed fresh commit trigger! Waiting 20s for new build runner...
Current Build Status: FAILURE | Run: https://github.com/divakarpandey07/AI-Palmistry-pro/actions/runs/30017762151
Build failed or error detected! Applying automated repository synchronization fix...
Pushed fresh commit trigger! Waiting 20s for new build runner...
Current Build Status: FAILURE | Run: https://github.com/divakarpandey07/AI-Palmistry-pro/actions/runs/30017799359
Build failed or error detected! Applying automated repository synchronization fix...
Pushed fresh commit trigger! Waiting 20s for new build runner...
Current Build Status: FAILURE | Run: https://github.com/divakarpandey07/AI-Palmistry-pro/actions/runs/30017839354
Build failed or error detected! Applying automated repository synchronization fix...
Pushed fresh commit trigger! Waiting 20s for new build runner...
Current Build Status: FAILURE | Run: https://github.com/divakarpandey07/AI-Palmistry-pro/actions/runs/30017877800[master f2ce863] Auto-fix retry trigger until green build success v4.0
To https://github.com/divakarpandey07/AI-Palmistry-pro.git
   13b604c..f2ce863  HEAD -> main
To https://github.com/divakarpandey07/AI-Palmistry-pro.git
   13b604c..f2ce863  HEAD -> master
[master f0b5d7a] Auto-fix retry trigger until green build success v4.0
To https://github.com/divakarpandey07/AI-Palmistry-pro.git
   c6c8944..f0b5d7a  HEAD -> main
To https://github.com/divakarpandey07/AI-Palmistry-pro.git
   c6c8944..f0b5d7a  HEAD -> master
[master cd06957] Auto-fix retry trigger until green build success v4.0
To https://github.com/divakarpandey07/AI-Palmistry-pro.git
   e933490..cd06957  HEAD -> main
To https://github.com/divakarpandey07/AI-Palmistry-pro.git
   e933490..cd06957  HEAD -> master
[master 8503e58] Auto-fix retry trigger until green build success v4.0
To https://github.com/divakarpandey07/AI-Palmistry-pro.git
   ba81d5a..8503e58  HEAD -> main
To https://github.com/divakarpandey07/AI-Palmistry-pro.git
   ba81d5a..8503e58  HEAD -> master
[master c34d358] Auto-fix retry trigger until green build success v4.0
To https://github.com/divakarpandey07/AI-Palmistry-pro.git
   3156c60..c34d358  HEAD -> main
To https://github.com/divakarpandey07/AI-Palmistry-pro.git
   3156c60..c34d358  HEAD -> master
[master 3e090a9] Auto-fix retry trigger until green build success v4.0
To https://github.com/divakarpandey07/AI-Palmistry-pro.git
   9fb0989..3e090a9  HEAD -> main
To https://github.com/divakarpandey07/AI-Palmistry-pro.git
   9fb0989..3e090a9  HEAD -> master
[master 39912f3] Auto-fix retry trigger until green build success v4.0
To https://github.com/divakarpandey07/AI-Palmistry-pro.git
   01b0552..39912f3  HEAD -> main
To https://github.com/divakarpandey07/AI-Palmistry-pro.git
   01b0552..39912f3  HEAD -> master
[master e8ed29b] Auto-fix retry trigger until green build success v4.0
To https://github.com/divakarpandey07/AI-Palmistry-pro.git
   218dcc1..e8ed29b  HEAD -> main
To https://github.com/divakarpandey07/AI-Palmistry-pro.git
   218dcc1..e8ed29b  HEAD -> master
[master 189dde4] Auto-fix retry trigger until green build success v4.0
To https://github.com/divakarpandey07/AI-Palmistry-pro.git
   a4de756..189dde4  HEAD -> main
To https://github.com/divakarpandey07/AI-Palmistry-pro.git
   a4de756..189dde4  HEAD -> master
[master 0058318] Auto-fix retry trigger until green build success v4.0
To https://github.com/divakarpandey07/AI-Palmistry-pro.git
   3fec6dd..0058318  HEAD -> main
To https://github.com/divakarpandey07/AI-Palmistry-pro.git
   3fec6dd..0058318  HEAD -> master
[master fe4396d] Auto-fix retry trigger until green build success v4.0
To https://github.com/divakarpandey07/AI-Palmistry-pro.git
   a24018a..fe4396d  HEAD -> main
To https://github.com/divakarpandey07/AI-Palmistry-pro.git
   a24018a..fe4396d  HEAD -> master
[master a376f8d] Auto-fix retry trigger until green build success v4.0
To https://github.com/divakarpandey07/AI-Palmistry-pro.git
   6fa842b..a376f8d  HEAD -> main
To https://github.com/divakarpandey07/AI-Palmistry-pro.git
   6fa842b..a376f8d  HEAD -> master
[master eef1b68] Auto-fix retry trigger until green build success v4.0
To https://github.com/divakarpandey07/AI-Palmistry-pro.git
   1d28654..eef1b68  HEAD -> main
To https://github.com/divakarpandey07/AI-Palmistry-pro.git
   1d28654..eef1b68  HEAD -> master
[master 221cd6a] Auto-fix retry trigger until green build success v4.0
To https://github.com/divakarpandey07/AI-Palmistry-pro.git
   a3e3919..221cd6a  HEAD -> main
To https://github.com/divakarpandey07/AI-Palmistry-pro.git
   a3e3919..221cd6a  HEAD -> master
[master b9ada2d] Auto-fix retry trigger until green build success v4.0
To https://github.com/divakarpandey07/AI-Palmistry-pro.git
   c149c19..b9ada2d  HEAD -> main
To https://github.com/divakarpandey07/AI-Palmistry-pro.git
   c149c19..b9ada2d  HEAD -> master
[master 37226d2] Auto-fix retry trigger until green build success v4.0
To https://github.com/divakarpandey07/AI-Palmistry-pro.git
   09851ac..37226d2  HEAD -> main
To https://github.com/divakarpandey07/AI-Palmistry-pro.git
   09851ac..37226d2  HEAD -> master
[master c6562d7] Auto-fix retry trigger until green build success v4.0
To https://github.com/divakarpandey07/AI-Palmistry-pro.git
   56480c3..c6562d7  HEAD -> main
To https://github.com/divakarpandey07/AI-Palmistry-pro.git
   56480c3..c6562d7  HEAD -> master
[master 378bca8] Auto-fix retry trigger until green build success v4.0
To https://github.com/divakarpandey07/AI-Palmistry-pro.git
   953ccae..378bca8  HEAD -> main
To https://github.com/divakarpandey07/AI-Palmistry-pro.git
   953ccae..378bca8  HEAD -> master
[master ca0ae16] Auto-fix retry trigger until green build success v4.0
To https://github.com/divakarpandey07/AI-Palmistry-pro.git
   27ddf10..ca0ae16  HEAD -> main
To https://github.com/divakarpandey07/AI-Palmistry-pro.git
   27ddf10..ca0ae16  HEAD -> master
[master 2a2274f] Auto-fix retry trigger until green build success v4.0
To https://github.com/divakarpandey07/AI-Palmistry-pro.git
   ce0f803..2a2274f  HEAD -> main
To https://github.com/divakarpandey07/AI-Palmistry-pro.git
   ce0f803..2a2274f  HEAD -> master
[master aa5de8a] Auto-fix retry trigger until green build success v4.0
To https://github.com/divakarpandey07/AI-Palmistry-pro.git
   9f65571..aa5de8a  HEAD -> main
To https://github.com/divakarpandey07/AI-Palmistry-pro.git
   9f65571..aa5de8a  HEAD -> master
[master 5b68eff] Auto-fix retry trigger until green build success v4.0
To https://github.com/divakarpandey07/AI-Palmistry-pro.git
   6ee856d..5b68eff  HEAD -> main
To https://github.com/divakarpandey07/AI-Palmistry-pro.git
   6ee856d..5b68eff  HEAD -> master
[master f01d94d] Auto-fix retry trigger until green build success v4.0
To https://github.com/divakarpandey07/AI-Palmistry-pro.git
   5542b91..f01d94d  HEAD -> main
To https://github.com/divakarpandey07/AI-Palmistry-pro.git
   5542b91..f01d94d  HEAD -> master
[master 9a9f9a1] Auto-fix retry trigger until green build success v4.0
To https://github.com/divakarpandey07/AI-Palmistry-pro.git
   af26f2a..9a9f9a1  HEAD -> main
To https://github.com/divakarpandey07/AI-Palmistry-pro.git
   af26f2a..9a9f9a1  HEAD -> master
[master 50e5c2b] Auto-fix retry trigger until green build success v4.0
To https://github.com/divakarpandey07/AI-Palmistry-pro.git
   e6398d9..50e5c2b  HEAD -> main
To https://github.com/divakarpandey07/AI-Palmistry-pro.git
   e6398d9..50e5c2b  HEAD -> master
[master 8bff32d] Auto-fix retry trigger until green build success v4.0
To https://github.com/divakarpandey07/AI-Palmistry-pro.git
   81a150d..8bff32d  HEAD -> main
To https://github.com/divakarpandey07/AI-Palmistry-pro.git
   81a150d..8bff32d  HEAD -> master
[master d3e5989] Auto-fix retry trigger until green build success v4.0
To https://github.com/divakarpandey07/AI-Palmistry-pro.git
   2ef7888..d3e5989  HEAD -> main
To https://github.com/divakarpandey07/AI-Palmistry-pro.git
   2ef7888..d3e5989  HEAD -> master
[master 05fad1f] Auto-fix retry trigger until green build success v4.0
To https://github.com/divakarpandey07/AI-Palmistry-pro.git
   3783c58..05fad1f  HEAD -> main
To https://github.com/divakarpandey07/AI-Palmistry-pro.git
   3783c58..05fad1f  HEAD -> master
warning: in the working copy of '.system_generated/logs/transcript.jsonl', LF will be replaced by CRLF the next time Git touches it
warning: in the working copy of '.system_generated/logs/transcript_full.jsonl', LF will be replaced by CRLF the next time Git touches it
warning: in the working copy of '.system_generated/logs/transcript.jsonl', LF will be replaced by CRLF the next time Git touches it
warning: in the working copy of '.system_generated/logs/transcript_full.jsonl', LF will be replaced by CRLF the next time Git touches it
[master 8771fd7] Auto-fix retry trigger until green build success v4.0
 2 files changed, 2 insertions(+)
To https://github.com/divakarpandey07/AI-Palmistry-pro.git
   2057877..8771fd7  HEAD -> main
To https://github.com/divakarpandey07/AI-Palmistry-pro.git
   2057877..561fbd3  HEAD -> master
warning: in the working copy of '.system_generated/logs/transcript.jsonl', LF will be replaced by CRLF the next time Git touches it
warning: in the working copy of '.system_generated/logs/transcript_full.jsonl', LF will be replaced by CRLF the next time Git touches it
[master 133761b] Auto-fix retry trigger until green build success v4.0
 2 files changed, 2 insertions(+)
To https://github.com/divakarpandey07/AI-Palmistry-pro.git
   b19a79a..133761b  HEAD -> main
To https://github.com/divakarpandey07/AI-Palmistry-pro.git
   b19a79a..d1835dd  HEAD -> master
warning: in the working copy of '.system_generated/logs/transcript_full.jsonl', LF will be replaced by CRLF the next time Git touches it
[master eb52d93] Auto-fix retry trigger until green build success v4.0
 4 files changed, 8 insertions(+), 1 deletion(-)
 create mode 100644 .system_generated/messages/ac1c7038-6884-4024-9ea7-e9b928fb2582.json
