Found 3 PDF(s): ['Samudrik shastra book .pdf', 'Samudrik_shastra_extracted.pdf', 'VrihudHastrekhaShastra_extracted.pdf']

[Processing]: Samudrik shastra book .pdf

[Processing]: Samudrik_shastra_extracted.pdf
  [ERROR] on page 1: [Errno 11001] getaddrinfo failed
  [ERROR] on page 2: [Errno 11001] getaddrinfo failed
  [ERROR] on page 2: [Errno 11001] getaddrinfo failed
  [ERROR] on page 3: [Errno 11001] getaddrinfo failed
  [ERROR] on page 3: [Errno 11001] getaddrinfo failed
  [ERROR] on page 4: [Errno 11001] getaddrinfo failed
  [ERROR] on page 5: [Errno 11001] getaddrinfo failed
  [ERROR] on page 6: [Errno 11001] getaddrinfo failed
  [ERROR] on page 6: [Errno 11001] getaddrinfo failed
  [ERROR] on page 7: [Errno 11001] getaddrinfo failed
  [ERROR] on page 7: [Errno 11001] getaddrinfo failed
  [ERROR] on page 8: [Errno 11001] getaddrinfo failed
  [ERROR] on page 8: [Errno 11001] getaddrinfo failed
  [ERROR] on page 9: [Errno 11001] getaddrinfo failed
  [ERROR] on page 10: [Errno 11001] getaddrinfo failed
  [ERROR] on page 11: [Errno 11001] getaddrinfo failed
  [ERROR] on page 12: [Errno 11001] getaddrinfo failed
  [ERROR] on page 13: [Errno 11001] getaddrinfo failed
  [ERROR] on page 14: [Errno 11001] getaddrinfo failed
  [ERROR] on page 15: [Errno 11001] getaddrinfo failed
  [ERROR] on page 16: [Errno 11001] getaddrinfo failed
  [ERROR] on page 16: [Errno 11001] getaddrinfo failed
  [ERROR] on page 17: [Errno 11001] getaddrinfo failed
  [ERROR] on page 17: [Errno 11001] getaddrinfo failed
  [ERROR] on page 18: [Errno 11001] getaddrinfo failed
  [ERROR] on page 19: [Errno 11001] getaddrinfo failed
  [ERROR] on page 19: [Errno 11001] getaddrinfo failed
  [ERROR] on page 20: [Errno 11001] getaddrinfo failed
  [ERROR] on page 21: [Errno 11001] getaddrinfo failed
  [ERROR] on page 21: [Errno 11001] getaddrinfo failed
  [ERROR] on page 22: [Errno 11001] getaddrinfo failed
  [ERROR] on page 23: [Errno 11001] getaddrinfo failed
  [ERROR] on page 23: [Errno 11001] getaddrinfo failed
  [ERROR] on page 24: [Errno 11001] getaddrinfo failed
  [ERROR] on page 25: [Errno 11001] getaddrinfo failed
  [ERROR] on page 25: [Errno 11001] getaddrinfo failed
  [ERROR] on page 26: [Errno 11001] getaddrinfo failed
  [ERROR] on page 26: [Errno 11001] getaddrinfo failed
  [ERROR] on page 27: [Errno 11001] getaddrinfo failed
  [ERROR] on page 28: [Errno 11001] getaddrinfo failed
  [ERROR] on page 28: [Errno 11001] getaddrinfo failed
  [ERROR] on page 29: [Errno 11001] getaddrinfo failed
  [ERROR] on page 29: [Errno 11001] getaddrinfo failed
  [ERROR] on page 30: [Errno 11001] getaddrinfo failed
  [ERROR] on page 30: [Errno 11001] getaddrinfo failed
  [ERROR] on page 31: [Errno 11001] getaddrinfo failed
  [ERROR] on page 31: [Errno 11001] getaddrinfo failed
  [ERROR] on page 32: [Errno 11001] getaddrinfo failed
  [ERROR] on page 33: [Errno 11001] getaddrinfo failed
  [ERROR] on page 33: [Errno 11001] getaddrinfo failed
  [ERROR] on page 34: [Errno 11001] getaddrinfo failed
  [ERROR] on page 34: [Errno 11001] getaddrinfo failed
  [ERROR] on page 35: [Errno 11001] getaddrinfo failed
  [ERROR] on page 35: [Errno 11001] getaddrinfo failed
  [ERROR] on page 36: [Errno 11001] getaddrinfo failed
  [ERROR] on page 36: [Errno 11001] getaddrinfo failed
  [ERROR] on page 37: [Errno 11001] getaddrinfo failed
  [ERROR] on page 37: [Errno 11001] getaddrinfo failed
  [ERROR] on page 38: [Errno 11001] getaddrinfo failed
  [ERROR] on page 38: [Errno 11001] getaddrinfo failed
  [ERROR] on page 39: [Errno 11001] getaddrinfo failed
  [ERROR] on page 39: [Errno 11001] getaddrinfo failed
  [ERROR] on page 40: [Errno 11001] getaddrinfo failed
  [ERROR] on page 41: [Errno 11001] getaddrinfo failed
  [ERROR] on page 41: [Errno 11001] getaddrinfo failed
  [ERROR] on page 42: [Errno 11001] getaddrinfo failed
  [ERROR] on page 42: [Errno 11001] getaddrinfo failed
  [ERROR] on page 43: [Errno 11001] getaddrinfo failed
  [ERROR] on page 43: [Errno 11001] getaddrinfo failed
  [ERROR] on page 44: [Errno 11001] getaddrinfo failed
  [ERROR] on page 44: [Errno 11001] getaddrinfo failed
  [ERROR] on page 45: [Errno 11001] getaddrinfo failed
  [ERROR] on page 45: [Errno 11001] getaddrinfo failed
  [ERROR] on page 46: [Errno 11001] getaddrinfo failed
  [ERROR] on page 46: [Errno 11001] getaddrinfo failed
  [ERROR] on page 47: [Errno 11001] getaddrinfo failed
  [ERROR] on page 47: [Errno 11001] getaddrinfo failed
  [ERROR] on page 48: [Errno 11001] getaddrinfo failed
  [ERROR] on page 48: [Errno 11001] getaddrinfo failed
  [ERROR] on page 49: [Errno 11001] getaddrinfo failed
  [ERROR] on page 49: [Errno 11001] getaddrinfo failed
  [ERROR] on page 50: [Errno 11001] getaddrinfo failed
  [ERROR] on page 50: [Errno 11001] getaddrinfo failed
  [ERROR] on page 51: [Errno 11001] getaddrinfo failed
  [ERROR] on page 51: [Errno 11001] getaddrinfo failed
  [ERROR] on page 52: [Errno 11001] getaddrinfo failed
  [ERROR] on page 52: [Errno 11001] getaddrinfo failed
  [ERROR] on page 53: [Errno 11001] getaddrinfo failed
  [ERROR] on page 53: [Errno 11001] getaddrinfo failed
  [ERROR] on page 54: [Errno 11001] getaddrinfo failed
  [ERROR] on page 54: [Errno 11001] getaddrinfo failed
  [ERROR] on page 55: [Errno 11001] getaddrinfo failed
  [ERROR] on page 55: [Errno 11001] getaddrinfo failed
  [ERROR] on page 56: [Errno 11001] getaddrinfo failed
  [ERROR] on page 56: [Errno 11001] getaddrinfo failed
  [ERROR] on page 57: [Errno 11001] getaddrinfo failed
  [ERROR] on page 57: [Errno 11001] getaddrinfo failed
  [ERROR] on page 58: [Errno 11001] getaddrinfo failed
  [ERROR] on page 58: [Errno 11001] getaddrinfo failed
  [ERROR] on page 59: [Errno 11001] getaddrinfo failed
  [ERROR] on page 59: [Errno 11001] getaddrinfo failed
  [ERROR] on page 60: [Errno 11001] getaddrinfo failed
  [ERROR] on page 60: [Errno 11001] getaddrinfo failed
  [ERROR] on page 61: [Errno 11001] getaddrinfo failed
  [ERROR] on page 62: [Errno 11001] getaddrinfo failed
  [ERROR] on page 63: [Errno 11001] getaddrinfo failed
  [ERROR] on page 63: [Errno 11001] getaddrinfo failed
  [ERROR] on page 64: [Errno 11001] getaddrinfo failed
  [ERROR] on page 64: [Errno 11001] getaddrinfo failed
  [ERROR] on page 65: [Errno 11001] getaddrinfo failed
  [ERROR] on page 65: [Errno 11001] getaddrinfo failed
  [ERROR] on page 66: [Errno 11001] getaddrinfo failed
  [ERROR] on page 66: [Errno 11001] getaddrinfo failed
  [ERROR] on page 67: [Errno 11001] getaddrinfo failed
  [ERROR] on page 67: [Errno 11001] getaddrinfo failed
  [ERROR] on page 68: [Errno 11001] getaddrinfo failed
  [ERROR] on page 68: [Errno 11001] getaddrinfo failed
  [ERROR] on page 69: [Errno 11001] getaddrinfo failed
  [ERROR] on page 69: [Errno 11001] getaddrinfo failed
  [ERROR] on page 70: [Errno 11001] getaddrinfo failed
  [ERROR] on page 70: [Errno 11001] getaddrinfo failed
  [ERROR] on page 71: [Errno 11001] getaddrinfo failed
  [ERROR] on page 71: [Errno 11001] getaddrinfo failed
  [ERROR] on page 72: [Errno 11001] getaddrinfo failed
  [ERROR] on page 72: [Errno 11001] getaddrinfo failed
  [ERROR] on page 73: [Errno 11001] getaddrinfo failed
  [ERROR] on page 73: [Errno 11001] getaddrinfo failed
  [ERROR] on page 74: [Errno 11001] getaddrinfo failed
  [ERROR] on page 74: [Errno 11001] getaddrinfo failed
  [ERROR] on page 75: [Errno 11001] getaddrinfo failed
  [ERROR] on page 75: [Errno 11001] getaddrinfo failed
  [ERROR] on page 76: [Errno 11001] getaddrinfo failed
  [ERROR] on page 76: [Errno 11001] getaddrinfo failed
  [ERROR] on page 77: [Errno 11001] getaddrinfo failed
  [ERROR] on page 78: [Errno 11001] getaddrinfo failed
  [ERROR] on page 78: [Errno 11001] getaddrinfo failed
  [ERROR] on page 79: [Errno 11001] getaddrinfo failed
  [ERROR] on page 79: [Errno 11001] getaddrinfo failed
  [ERROR] on page 80: [Errno 11001] getaddrinfo failed
  [ERROR] on page 80: [Errno 11001] getaddrinfo failed
  [ERROR] on page 81: [Errno 11001] getaddrinfo failed
  [ERROR] on page 81: [Errno 11001] getaddrinfo failed
  [ERROR] on page 82: [Errno 11001] getaddrinfo failed
  [ERROR] on page 82: [Errno 11001] getaddrinfo failed
  [ERROR] on page 83: [Errno 11001] getaddrinfo failed
  [ERROR] on page 83: [Errno 11001] getaddrinfo failed
  [ERROR] on page 84: [Errno 11001] getaddrinfo failed
  [ERROR] on page 84: [Errno 11001] getaddrinfo failed
  [ERROR] on page 85: [Errno 11001] getaddrinfo failed
  [ERROR] on page 85: [Errno 11001] getaddrinfo failed
  [ERROR] on page 86: [Errno 11001] getaddrinfo failed
  [ERROR] on page 86: [Errno 11001] getaddrinfo failed
  [ERROR] on page 87: [Errno 11001] getaddrinfo failed
  [ERROR] on page 87: [Errno 11001] getaddrinfo failed
  [ERROR] on page 88: [Errno 11001] getaddrinfo failed
  [ERROR] on page 89: [Errno 11001] getaddrinfo failed
  [ERROR] on page 89: [Errno 11001] getaddrinfo failed
  [ERROR] on page 90: [Errno 11001] getaddrinfo failed
  [ERROR] on page 90: [Errno 11001] getaddrinfo failed
  [ERROR] on page 91: [Errno 11001] getaddrinfo failed
  [ERROR] on page 91: [Errno 11001] getaddrinfo failed
  [ERROR] on page 92: [Errno 11001] getaddrinfo failed
  [ERROR] on page 92: [Errno 11001] getaddrinfo failed
  [ERROR] on page 93: [Errno 11001] getaddrinfo failed
  [ERROR] on page 93: [Errno 11001] getaddrinfo failed
  [ERROR] on page 94: [Errno 11001] getaddrinfo failed
  [ERROR] on page 95: [Errno 11001] getaddrinfo failed
  [ERROR] on page 95: [Errno 11001] getaddrinfo failed
  [ERROR] on page 96: [Errno 11001] getaddrinfo failed
  [ERROR] on page 96: [Errno 11001] getaddrinfo failed
  [ERROR] on page 97: [Errno 11001] getaddrinfo failed
  [ERROR] on page 97: [Errno 11001] getaddrinfo failed
  [ERROR] on page 98: [Errno 11001] getaddrinfo failed
  [ERROR] on page 99: [Errno 11001] getaddrinfo failed
  [ERROR] on page 100: [Errno 11001] getaddrinfo failed
  [ERROR] on page 100: [Errno 11001] getaddrinfo failed
  [ERROR] on page 101: [Errno 11001] getaddrinfo failed
  [ERROR] on page 102: [Errno 11001] getaddrinfo failed
  [ERROR] on page 102: [Errno 11001] getaddrinfo failed
  [ERROR] on page 103: [Errno 11001] getaddrinfo failed
  [ERROR] on page 104: [Errno 11001] getaddrinfo failed
  [ERROR] on page 105: [Errno 11001] getaddrinfo failed
  [ERROR] on page 106: [Errno 11001] getaddrinfo failed
  [ERROR] on page 107: [Errno 11001] getaddrinfo failed
  [ERROR] on page 108: [Errno 11001] getaddrinfo failed
  [ERROR] on page 109: [Errno 11001] getaddrinfo failed
  [ERROR] on page 110: [Errno 11001] getaddrinfo failed
  [ERROR] on page 111: [Errno 11001] getaddrinfo failed
  [ERROR] on page 112: [Errno 11001] getaddrinfo failed
  [ERROR] on page 113: [Errno 11001] getaddrinfo failed
  [ERROR] on page 114: [Errno 11001] getaddrinfo failed
  [ERROR] on page 115: [Errno 11001] getaddrinfo failed
  [ERROR] on page 116: [Errno 11001] getaddrinfo failed
  [ERROR] on page 117: [Errno 11001] getaddrinfo failed
  [ERROR] on page 117: [Errno 11001] getaddrinfo failed
  [ERROR] on page 118: [Errno 11001] getaddrinfo failed
  [ERROR] on page 119: [Errno 11001] getaddrinfo failed
  [ERROR] on page 120: [Errno 11001] getaddrinfo failed
  [ERROR] on page 121: [Errno 11001] getaddrinfo failed
  [ERROR] on page 121: [Errno 11001] getaddrinfo failed
  [ERROR] on page 122: [Errno 11001] getaddrinfo failed
  [ERROR] on page 123: [Errno 11001] getaddrinfo failed
  [ERROR] on page 124: [Errno 11001] getaddrinfo failed
  [ERROR] on page 125: [Errno 11001] getaddrinfo failed
  [ERROR] on page 125: [Errno 11001] getaddrinfo failed
  [ERROR] on page 126: [Errno 11001] getaddrinfo failed
  [ERROR] on page 127: [Errno 11001] getaddrinfo failed
  [ERROR] on page 128: [Errno 11001] getaddrinfo failed
  [ERROR] on page 128: [Errno 11001] getaddrinfo failed
  [ERROR] on page 129: [Errno 11001] getaddrinfo failed
  [ERROR] on page 129: [Errno 11001] getaddrinfo failed
  [ERROR] on page 130: [Errno 11001] getaddrinfo failed
  [ERROR] on page 131: [Errno 11001] getaddrinfo failed
  [ERROR] on page 132: [Errno 11001] getaddrinfo failed
  [ERROR] on page 133: [Errno 11001] getaddrinfo failed
  [ERROR] on page 134: [Errno 11001] getaddrinfo failed
  [ERROR] on page 135: [Errno 11001] getaddrinfo failed
  [ERROR] on page 136: [Errno 11001] getaddrinfo failed
  [ERROR] on page 137: [Errno 11001] getaddrinfo failed
  [ERROR] on page 138: [Errno 11001] getaddrinfo failed
  [ERROR] on page 139: [Errno 11001] getaddrinfo failed
  [ERROR] on page 140: [Errno 11001] getaddrinfo failed
  [ERROR] on page 140: [Errno 11001] getaddrinfo failed
  [ERROR] on page 141: [Errno 11001] getaddrinfo failed
  [ERROR] on page 142: [Errno 11001] getaddrinfo failed
  [ERROR] on page 143: [Errno 11001] getaddrinfo failed
  [ERROR] on page 144: [Errno 11001] getaddrinfo failed
  [ERROR] on page 145: [Errno 11001] getaddrinfo failed
  [ERROR] on page 146: [Errno 11001] getaddrinfo failed
  [ERROR] on page 147: [Errno 11001] getaddrinfo failed
  [ERROR] on page 148: [Errno 11001] getaddrinfo failed
  [ERROR] on page 149: [Errno 11001] getaddrinfo failed
  [ERROR] on page 150: [Errno 11001] getaddrinfo failed
  [ERROR] on page 151: [Errno 11001] getaddrinfo failed
  [ERROR] on page 151: [Errno 11001] getaddrinfo failed
  [ERROR] on page 152: [Errno 11001] getaddrinfo failed
  [ERROR] on page 153: [Errno 11001] getaddrinfo failed
  [ERROR] on page 154: [Errno 11001] getaddrinfo failed
  [ERROR] on page 155: [Errno 11001] getaddrinfo failed
  [ERROR] on page 156: [Errno 11001] getaddrinfo failed
  [ERROR] on page 157: [Errno 11001] getaddrinfo failed
  [ERROR] on page 157: [Errno 11001] getaddrinfo failed
  [ERROR] on page 158: [Errno 11001] getaddrinfo failed
  [ERROR] on page 158: [Errno 11001] getaddrinfo failed
  [ERROR] on page 159: [Errno 11001] getaddrinfo failed
  [ERROR] on page 159: [Errno 11001] getaddrinfo failed
  [ERROR] on page 160: [Errno 11001] getaddrinfo failed
  [ERROR] on page 160: [Errno 11001] getaddrinfo failed
  [ERROR] on page 161: [Errno 11001] getaddrinfo failed
  [ERROR] on page 161: [Errno 11001] getaddrinfo failed
  [ERROR] on page 162: [Errno 11001] getaddrinfo failed
  [ERROR] on page 162: [Errno 11001] getaddrinfo failed
  [ERROR] on page 163: [Errno 11001] getaddrinfo failed
  [ERROR] on page 163: [Errno 11001] getaddrinfo failed
  [ERROR] on page 164: [Errno 11001] getaddrinfo failed
  [ERROR] on page 164: [Errno 11001] getaddrinfo failed
  [ERROR] on page 165: [Errno 11001] getaddrinfo failed
  [ERROR] on page 165: [Errno 11001] getaddrinfo failed
  [ERROR] on page 166: [Errno 11001] getaddrinfo failed
  [ERROR] on page 166: [Errno 11001] getaddrinfo failed
  [ERROR] on page 167: [Errno 11001] getaddrinfo failed
  [ERROR] on page 168: [Errno 11001] getaddrinfo failed
  [ERROR] on page 169: [Errno 11001] getaddrinfo failed
  [ERROR] on page 170: [Errno 11001] getaddrinfo failed
  [ERROR] on page 171: [Errno 11001] getaddrinfo failed
  [ERROR] on page 172: [Errno 11001] getaddrinfo failed
  [ERROR] on page 173: [Errno 11001] getaddrinfo failed
  [ERROR] on page 174: [Errno 11001] getaddrinfo failed
  [ERROR] on page 175: [Errno 11001] getaddrinfo failed
  [ERROR] on page 176: [Errno 11001] getaddrinfo failed
  [ERROR] on page 176: [Errno 11001] getaddrinfo failed
  [ERROR] on page 177: [Errno 11001] getaddrinfo failed
  [ERROR] on page 177: [Errno 11001] getaddrinfo failed
  [ERROR] on page 178: [Errno 11001] getaddrinfo failed
  [ERROR] on page 178: [Errno 11001] getaddrinfo failed
  [ERROR] on page 179: [Errno 11001] getaddrinfo failed
  [ERROR] on page 180: [Errno 11001] getaddrinfo failed
  [ERROR] on page 180: [Errno 11001] getaddrinfo failed
  [ERROR] on page 181: [Errno 11001] getaddrinfo failed
  [ERROR] on page 181: [Errno 11001] getaddrinfo failed
  [ERROR] on page 182: [Errno 11001] getaddrinfo failed
  [ERROR] on page 182: [Errno 11001] getaddrinfo failed
  [ERROR] on page 183: [Errno 11001] getaddrinfo failed
  [ERROR] on page 183: [Errno 11001] getaddrinfo failed
  [ERROR] on page 184: [Errno 11001] getaddrinfo failed
  [ERROR] on page 185: [Errno 11001] getaddrinfo failed
  [ERROR] on page 185: [Errno 11001] getaddrinfo failed
  [ERROR] on page 186: [Errno 11001] getaddrinfo failed
  [ERROR] on page 187: [Errno 11001] getaddrinfo failed
  [ERROR] on page 188: [Errno 11001] getaddrinfo failed
  [ERROR] on page 189: [Errno 11001] getaddrinfo failed
  [ERROR] on page 190: [Errno 11001] getaddrinfo failed
  [ERROR] on page 190: [Errno 11001] getaddrinfo failed
  [ERROR] on page 191: [Errno 11001] getaddrinfo failed
  [ERROR] on page 191: [Errno 11001] getaddrinfo failed
  [ERROR] on page 192: [Errno 11001] getaddrinfo failed
  [ERROR] on page 192: [Errno 11001] getaddrinfo failed
  [ERROR] on page 193: [Errno 11001] getaddrinfo failed
  [ERROR] on page 193: [Errno 11001] getaddrinfo failed
  [ERROR] on page 194: [Errno 11001] getaddrinfo failed
  [ERROR] on page 194: [Errno 11001] getaddrinfo failed
  [ERROR] on page 195: [Errno 11001] getaddrinfo failed
  [ERROR] on page 196: [Errno 11001] getaddrinfo failed
  [ERROR] on page 196: [Errno 11001] getaddrinfo failed
  [ERROR] on page 197: [Errno 11001] getaddrinfo failed
  [ERROR] on page 198: [Errno 11001] getaddrinfo failed
  [ERROR] on page 198: [Errno 11001] getaddrinfo failed
  [ERROR] on page 199: [Errno 11001] getaddrinfo failed
  [ERROR] on page 199: [Errno 11001] getaddrinfo failed
  [ERROR] on page 200: [Errno 11001] getaddrinfo failed
  [ERROR] on page 200: [Errno 11001] getaddrinfo failed
  [ERROR] on page 201: [Errno 11001] getaddrinfo failed
  [ERROR] on page 201: [Errno 11001] getaddrinfo failed
  [ERROR] on page 202: [Errno 11001] getaddrinfo failed
  [ERROR] on page 203: [Errno 11001] getaddrinfo failed
  [ERROR] on page 203: [Errno 11001] getaddrinfo failed
  [ERROR] on page 204: [Errno 11001] getaddrinfo failed
  [ERROR] on page 205: [Errno 11001] getaddrinfo failed
  [ERROR] on page 205: [Errno 11001] getaddrinfo failed
  [ERROR] on page 206: [Errno 11001] getaddrinfo failed
  [ERROR] on page 207: [Errno 11001] getaddrinfo failed
  [ERROR] on page 207: [Errno 11001] getaddrinfo failed
  [ERROR] on page 208: [Errno 11001] getaddrinfo failed
  [ERROR] on page 208: [Errno 11001] getaddrinfo failed
  [ERROR] on page 209: [Errno 11001] getaddrinfo failed
  [ERROR] on page 210: [Errno 11001] getaddrinfo failed
  [ERROR] on page 210: [Errno 11001] getaddrinfo failed
  [ERROR] on page 211: [Errno 11001] getaddrinfo failed
  [ERROR] on page 212: [Errno 11001] getaddrinfo failed
  [ERROR] on page 213: [Errno 11001] getaddrinfo failed
  [ERROR] on page 213: [Errno 11001] getaddrinfo failed
  [ERROR] on page 214: [Errno 11001] getaddrinfo failed
  [ERROR] on page 215: [Errno 11001] getaddrinfo failed
  [ERROR] on page 216: [Errno 11001] getaddrinfo failed
  [ERROR] on page 217: [Errno 11001] getaddrinfo failed
  [ERROR] on page 218: [Errno 11001] getaddrinfo failed
  [ERROR] on page 219: [Errno 11001] getaddrinfo failed
  [ERROR] on page 220: [Errno 11001] getaddrinfo failed
  [ERROR] on page 221: [Errno 11001] getaddrinfo failed
  [ERROR] on page 222: [Errno 11001] getaddrinfo failed
  [ERROR] on page 223: [Errno 11001] getaddrinfo failed
  [ERROR] on page 223: [Errno 11001] getaddrinfo failed
  [ERROR] on page 224: [Errno 11001] getaddrinfo failed
  [ERROR] on page 225: [Errno 11001] getaddrinfo failed
  [ERROR] on page 226: [Errno 11001] getaddrinfo failed
  [ERROR] on page 227: [Errno 11001] getaddrinfo failed
  [ERROR] on page 228: [Errno 11001] getaddrinfo failed
  [ERROR] on page 228: [Errno 11001] getaddrinfo failed
  [ERROR] on page 229: [Errno 11001] getaddrinfo failed
  [ERROR] on page 230: [Errno 11001] getaddrinfo failed
  [ERROR] on page 231: [Errno 11001] getaddrinfo failed
  [ERROR] on page 232: [Errno 11001] getaddrinfo failed
  [ERROR] on page 233: [Errno 11001] getaddrinfo failed
  [ERROR] on page 233: [Errno 11001] getaddrinfo failed
  [ERROR] on page 234: [Errno 11001] getaddrinfo failed
  [ERROR] on page 235: [Errno 11001] getaddrinfo failed
  [ERROR] on page 236: [Errno 11001] getaddrinfo failed
  [ERROR] on page 236: [Errno 11001] getaddrinfo failed
  [ERROR] on page 237: [Errno 11001] getaddrinfo failed
  [ERROR] on page 238: [Errno 11001] getaddrinfo failed
  [ERROR] on page 239: [Errno 11001] getaddrinfo failed
  [ERROR] on page 240: [Errno 11001] getaddrinfo failed
  [ERROR] on page 241: [Errno 11001] getaddrinfo failed
  [ERROR] on page 242: [Errno 11001] getaddrinfo failed
  [ERROR] on page 243: [Errno 11001] getaddrinfo failed
  [ERROR] on page 243: [Errno 11001] getaddrinfo failed
  [ERROR] on page 244: [Errno 11001] getaddrinfo failed
  [ERROR] on page 245: [Errno 11001] getaddrinfo failed
  [ERROR] on page 246: [Errno 11001] getaddrinfo failed
  [ERROR] on page 246: [Errno 11001] getaddrinfo failed
  [ERROR] on page 247: [Errno 11001] getaddrinfo failed
  [ERROR] on page 247: [Errno 11001] getaddrinfo failed
  [ERROR] on page 248: [Errno 11001] getaddrinfo failed
  [ERROR] on page 248: [Errno 11001] getaddrinfo failed
  [ERROR] on page 249: [Errno 11001] getaddrinfo failed
  [ERROR] on page 249: [Errno 11001] getaddrinfo failed
  [ERROR] on page 250: [Errno 11001] getaddrinfo failed
  [ERROR] on page 251: [Errno 11001] getaddrinfo failed
  [ERROR] on page 252: [Errno 11001] getaddrinfo failed
  [ERROR] on page 252: [Errno 11001] getaddrinfo failed
  [ERROR] on page 253: [Errno 11001] getaddrinfo failed
  [ERROR] on page 253: [Errno 11001] getaddrinfo failed
  [ERROR] on page 254: [Errno 11001] getaddrinfo failed
  [ERROR] on page 254: [Errno 11001] getaddrinfo failed
  [ERROR] on page 255: [Errno 11001] getaddrinfo failed
  [ERROR] on page 255: [Errno 11001] getaddrinfo failed
  [ERROR] on page 256: [Errno 11001] getaddrinfo failed
  [ERROR] on page 256: [Errno 11001] getaddrinfo failed
  [ERROR] on page 257: [Errno 11001] getaddrinfo failed
  [ERROR] on page 257: [Errno 11001] getaddrinfo failed
  [ERROR] on page 258: [Errno 11001] getaddrinfo failed
  [ERROR] on page 258: [Errno 11001] getaddrinfo failed
  [ERROR] on page 259: [Errno 11001] getaddrinfo failed
  [ERROR] on page 259: [Errno 11001] getaddrinfo failed
  [ERROR] on page 260: [Errno 11001] getaddrinfo failed
  [ERROR] on page 260: [Errno 11001] getaddrinfo failed
  [ERROR] on page 261: [Errno 11001] getaddrinfo failed
  [ERROR] on page 261: [Errno 11001] getaddrinfo failed
  [ERROR] on page 262: [Errno 11001] getaddrinfo failed
  [ERROR] on page 262: [Errno 11001] getaddrinfo failed
  [ERROR] on page 263: [Errno 11001] getaddrinfo failed
  [ERROR] on page 263: [Errno 11001] getaddrinfo failed
  [ERROR] on page 264: [Errno 11001] getaddrinfo failed

[Processing]: VrihudHastrekhaShastra_extracted.pdf
  [ERROR] on page 1: [Errno 11001] getaddrinfo failed
  [ERROR] on page 2: [Errno 11001] getaddrinfo failed
  [ERROR] on page 2: [Errno 11001] getaddrinfo failed
  [ERROR] on page 3: [Errno 11001] getaddrinfo failed
  [ERROR] on page 3: [Errno 11001] getaddrinfo failed
  [ERROR] on page 4: [Errno 11001] getaddrinfo failed
  [ERROR] on page 5: [Errno 11001] getaddrinfo failed
  [ERROR] on page 6: [Errno 11001] getaddrinfo failed
  [ERROR] on page 7: [Errno 11001] getaddrinfo failed
  [ERROR] on page 8: [Errno 11001] getaddrinfo failed
  [ERROR] on page 9: [Errno 11001] getaddrinfo failed
  [ERROR] on page 10: [Errno 11001] getaddrinfo failed
  [ERROR] on page 11: [Errno 11001] getaddrinfo failed
  [ERROR] on page 12: [Errno 11001] getaddrinfo failed
  [ERROR] on page 13: [Errno 11001] getaddrinfo failed
  [ERROR] on page 14: [Errno 11001] getaddrinfo failed
  [ERROR] on page 15: [Errno 11001] getaddrinfo failed
  [ERROR] on page 16: [Errno 11001] getaddrinfo failed
  [ERROR] on page 17: [Errno 11001] getaddrinfo failed
  [ERROR] on page 18: [Errno 11001] getaddrinfo failed
  [ERROR] on page 18: [Errno 11001] getaddrinfo failed
  [ERROR] on page 19: [Errno 11001] getaddrinfo failed
  [ERROR] on page 19: [Errno 11001] getaddrinfo failed
  [ERROR] on page 20: [Errno 11001] getaddrinfo failed
  [ERROR] on page 20: [Errno 11001] getaddrinfo failed
  [ERROR] on page 21: [Errno 11001] getaddrinfo failed
  [ERROR] on page 21: [Errno 11001] getaddrinfo failed
  [ERROR] on page 22: [Errno 11001] getaddrinfo failed
  [ERROR] on page 22: [Errno 11001] getaddrinfo failed
  [ERROR] on page 23: [Errno 11001] getaddrinfo failed
  [ERROR] on page 23: [Errno 11001] getaddrinfo failed
  [ERROR] on page 24: [Errno 11001] getaddrinfo failed
  [ERROR] on page 24: [Errno 11001] getaddrinfo failed
  [ERROR] on page 25: [Errno 11001] getaddrinfo failed
  [ERROR] on page 25: [Errno 11001] getaddrinfo failed
  [ERROR] on page 26: [Errno 11001] getaddrinfo failed
  [ERROR] on page 26: [Errno 11001] getaddrinfo failed
  [ERROR] on page 27: [Errno 11001] getaddrinfo failed
  [ERROR] on page 27: [Errno 11001] getaddrinfo failed
  [ERROR] on page 28: [Errno 11001] getaddrinfo failed
  [ERROR] on page 28: [Errno 11001] getaddrinfo failed
  [ERROR] on page 29: [Errno 11001] getaddrinfo failed
  [ERROR] on page 29: [Errno 11001] getaddrinfo failed
  [ERROR] on page 30: [Errno 11001] getaddrinfo failed
  [ERROR] on page 30: [Errno 11001] getaddrinfo failed
  [ERROR] on page 31: [Errno 11001] getaddrinfo failed
  [ERROR] on page 31: [Errno 11001] getaddrinfo failed
  [ERROR] on page 32: [Errno 11001] getaddrinfo failed
  [ERROR] on page 32: [Errno 11001] getaddrinfo failed
  [ERROR] on page 33: [Errno 11001] getaddrinfo failed
  [ERROR] on page 33: [Errno 11001] getaddrinfo failed
  [ERROR] on page 34: [Errno 11001] getaddrinfo failed
  [ERROR] on page 34: [Errno 11001] getaddrinfo failed
  [ERROR] on page 35: [Errno 11001] getaddrinfo failed
  [ERROR] on page 35: [Errno 11001] getaddrinfo failed
  [ERROR] on page 36: [Errno 11001] getaddrinfo failed
  [ERROR] on page 36: [Errno 11001] getaddrinfo failed
  [ERROR] on page 37: [Errno 11001] getaddrinfo failed
  [ERROR] on page 37: [Errno 11001] getaddrinfo failed
  [ERROR] on page 38: [Errno 11001] getaddrinfo failed
  [ERROR] on page 38: [Errno 11001] getaddrinfo failed
  [ERROR] on page 39: [Errno 11001] getaddrinfo failed
  [ERROR] on page 39: [Errno 11001] getaddrinfo failed
  [ERROR] on page 40: [Errno 11001] getaddrinfo failed
  [ERROR] on page 40: [Errno 11001] getaddrinfo failed
  [ERROR] on page 41: [Errno 11001] getaddrinfo failed
  [ERROR] on page 41: [Errno 11001] getaddrinfo failed
  [ERROR] on page 42: [Errno 11001] getaddrinfo failed
  [ERROR] on page 42: [Errno 11001] getaddrinfo failed
  [ERROR] on page 43: [Errno 11001] getaddrinfo failed
  [ERROR] on page 43: [Errno 11001] getaddrinfo failed
  [ERROR] on page 44: [Errno 11001] getaddrinfo failed
  [ERROR] on page 44: [Errno 11001] getaddrinfo failed
  [ERROR] on page 45: [Errno 11001] getaddrinfo failed
  [ERROR] on page 45: [Errno 11001] getaddrinfo failed
  [ERROR] on page 46: [Errno 11001] getaddrinfo failed
  [ERROR] on page 46: [Errno 11001] getaddrinfo failed
  [ERROR] on page 47: [Errno 11001] getaddrinfo failed
  [ERROR] on page 47: [Errno 11001] getaddrinfo failed
  [ERROR] on page 48: [Errno 11001] getaddrinfo failed
  [ERROR] on page 48: [Errno 11001] getaddrinfo failed
  [ERROR] on page 49: [Errno 11001] getaddrinfo failed
  [ERROR] on page 49: [Errno 11001] getaddrinfo failed
  [ERROR] on page 50: [Errno 11001] getaddrinfo failed
  [ERROR] on page 50: [Errno 11001] getaddrinfo failed
  [ERROR] on page 51: [Errno 11001] getaddrinfo failed
  [ERROR] on page 51: [Errno 11001] getaddrinfo failed
  [ERROR] on page 52: [Errno 11001] getaddrinfo failed
  [ERROR] on page 52: [Errno 11001] getaddrinfo failed
  [ERROR] on page 53: [Errno 11001] getaddrinfo failed
  [ERROR] on page 53: [Errno 11001] getaddrinfo failed
  [ERROR] on page 54: [Errno 11001] getaddrinfo failed
  [ERROR] on page 54: [Errno 11001] getaddrinfo failed
  [ERROR] on page 55: [Errno 11001] getaddrinfo failed
  [ERROR] on page 55: [Errno 11001] getaddrinfo failed
  [ERROR] on page 56: [Errno 11001] getaddrinfo failed
  [ERROR] on page 56: [Errno 11001] getaddrinfo failed
  [ERROR] on page 57: [Errno 11001] getaddrinfo failed
  [ERROR] on page 57: [Errno 11001] getaddrinfo failed
  [ERROR] on page 58: [Errno 11001] getaddrinfo failed
  [ERROR] on page 58: [Errno 11001] getaddrinfo failed
  [ERROR] on page 59: [Errno 11001] getaddrinfo failed
  [ERROR] on page 59: [Errno 11001] getaddrinfo failed
  [ERROR] on page 60: [Errno 11001] getaddrinfo failed
  [ERROR] on page 60: [Errno 11001] getaddrinfo failed
  [ERROR] on page 61: [Errno 11001] getaddrinfo failed
  [ERROR] on page 61: [Errno 11001] getaddrinfo failed
  [ERROR] on page 62: [Errno 11001] getaddrinfo failed
  [ERROR] on page 62: [Errno 11001] getaddrinfo failed
  [ERROR] on page 63: [Errno 11001] getaddrinfo failed
  [ERROR] on page 63: [Errno 11001] getaddrinfo failed
  [ERROR] on page 64: [Errno 11001] getaddrinfo failed
  [ERROR] on page 64: [Errno 11001] getaddrinfo failed
  [ERROR] on page 65: [Errno 11001] getaddrinfo failed
  [ERROR] on page 65: [Errno 11001] getaddrinfo failed
  [ERROR] on page 66: [Errno 11001] getaddrinfo failed
  [ERROR] on page 66: [Errno 11001] getaddrinfo failed
  [ERROR] on page 67: [Errno 11001] getaddrinfo failed
  [ERROR] on page 67: [Errno 11001] getaddrinfo failed
  [ERROR] on page 68: [Errno 11001] getaddrinfo failed
  [ERROR] on page 68: [Errno 11001] getaddrinfo failed
  [ERROR] on page 69: [Errno 11001] getaddrinfo failed
  [ERROR] on page 69: [Errno 11001] getaddrinfo failed
  [ERROR] on page 70: [Errno 11001] getaddrinfo failed
  [ERROR] on page 70: [Errno 11001] getaddrinfo failed
  [ERROR] on page 71: [Errno 11001] getaddrinfo failed
  [ERROR] on page 71: [Errno 11001] getaddrinfo failed
  [ERROR] on page 72: [Errno 11001] getaddrinfo failed
  [ERROR] on page 72: [Errno 11001] getaddrinfo failed
  [ERROR] on page 73: [Errno 11001] getaddrinfo failed
  [ERROR] on page 73: [Errno 11001] getaddrinfo failed
  [ERROR] on page 74: [Errno 11001] getaddrinfo failed
  [ERROR] on page 74: [Errno 11001] getaddrinfo failed
  [ERROR] on page 75: [Errno 11001] getaddrinfo failed
  [ERROR] on page 75: [Errno 11001] getaddrinfo failed
  [ERROR] on page 76: [Errno 11001] getaddrinfo failed
  [ERROR] on page 76: [Errno 11001] getaddrinfo failed
  [ERROR] on page 77: [Errno 11001] getaddrinfo failed
  [ERROR] on page 77: [Errno 11001] getaddrinfo failed
  [ERROR] on page 78: [Errno 11001] getaddrinfo failed
  [ERROR] on page 78: [Errno 11001] getaddrinfo failed
  [ERROR] on page 79: [Errno 11001] getaddrinfo failed
  [ERROR] on page 79: [Errno 11001] getaddrinfo failed
  [ERROR] on page 80: [Errno 11001] getaddrinfo failed
  [ERROR] on page 81: [Errno 11001] getaddrinfo failed
  [ERROR] on page 82: [Errno 11001] getaddrinfo failed
  [ERROR] on page 83: [Errno 11001] getaddrinfo failed
  [ERROR] on page 84: [Errno 11001] getaddrinfo failed
  [ERROR] on page 85: [Errno 11001] getaddrinfo failed
  [ERROR] on page 86: [Errno 11001] getaddrinfo failed
  [ERROR] on page 87: [Errno 11001] getaddrinfo failed
  [ERROR] on page 88: [Errno 11001] getaddrinfo failed
  [ERROR] on page 89: [Errno 11001] getaddrinfo failed
  [ERROR] on page 90: [Errno 11001] getaddrinfo failed
  [ERROR] on page 91: [Errno 11001] getaddrinfo failed
  [ERROR] on page 92: [Errno 11001] getaddrinfo failed
  [ERROR] on page 93: [Errno 11001] getaddrinfo failed
  [ERROR] on page 94: [Errno 11001] getaddrinfo failed
  [ERROR] on page 95: [Errno 11001] getaddrinfo failed
  [ERROR] on page 96: [Errno 11001] getaddrinfo failed
  [ERROR] on page 96: [Errno 11001] getaddrinfo failed
  [ERROR] on page 97: [Errno 11001] getaddrinfo failed
  [ERROR] on page 98: [Errno 11001] getaddrinfo failed
  [ERROR] on page 98: [Errno 11001] getaddrinfo failed
  [ERROR] on page 99: [Errno 11001] getaddrinfo failed
  [ERROR] on page 99: [Errno 11001] getaddrinfo failed
  [ERROR] on page 100: [Errno 11001] getaddrinfo failed
  [ERROR] on page 101: [Errno 11001] getaddrinfo failed
  [ERROR] on page 101: [Errno 11001] getaddrinfo failed
  [ERROR] on page 102: [Errno 11001] getaddrinfo failed
  [ERROR] on page 102: [Errno 11001] getaddrinfo failed
  [ERROR] on page 103: [Errno 11001] getaddrinfo failed
  [ERROR] on page 103: [Errno 11001] getaddrinfo failed
  [ERROR] on page 104: [Errno 11001] getaddrinfo failed
  [ERROR] on page 104: [Errno 11001] getaddrinfo failed
  [ERROR] on page 105: [Errno 11001] getaddrinfo failed
  [ERROR] on page 106: [Errno 11001] getaddrinfo failed
  [ERROR] on page 107: [Errno 11001] getaddrinfo failed
  [ERROR] on page 107: [Errno 11001] getaddrinfo failed
  [ERROR] on page 108: [Errno 11001] getaddrinfo failed
  [ERROR] on page 108: [Errno 11001] getaddrinfo failed
  [ERROR] on page 109: [Errno 11001] getaddrinfo failed
  [ERROR] on page 109: [Errno 11001] getaddrinfo failed
  [ERROR] on page 110: [Errno 11001] getaddrinfo failed
  [ERROR] on page 111: [Errno 11001] getaddrinfo failed
  [ERROR] on page 112: [Errno 11001] getaddrinfo failed
  [ERROR] on page 113: [Errno 11001] getaddrinfo failed
  [ERROR] on page 114: [Errno 11001] getaddrinfo failed
  [ERROR] on page 114: [Errno 11001] getaddrinfo failed
  [ERROR] on page 115: [Errno 11001] getaddrinfo failed
  [ERROR] on page 115: [Errno 11001] getaddrinfo failed
  [ERROR] on page 116: [Errno 11001] getaddrinfo failed
  [ERROR] on page 116: [Errno 11001] getaddrinfo failed
  [ERROR] on page 117: [Errno 11001] getaddrinfo failed
  [ERROR] on page 117: [Errno 11001] getaddrinfo failed
  [ERROR] on page 118: [Errno 11001] getaddrinfo failed
  [ERROR] on page 118: [Errno 11001] getaddrinfo failed
  [ERROR] on page 119: [Errno 11001] getaddrinfo failed
  [ERROR] on page 120: [Errno 11001] getaddrinfo failed
  [ERROR] on page 120: [Errno 11001] getaddrinfo failed
  [ERROR] on page 121: [Errno 11001] getaddrinfo failed
  [ERROR] on page 122: [Errno 11001] getaddrinfo failed
  [ERROR] on page 123: [Errno 11001] getaddrinfo failed
  [ERROR] on page 124: [Errno 11001] getaddrinfo failed
  [ERROR] on page 124: [Errno 11001] getaddrinfo failed
  [ERROR] on page 125: [Errno 11001] getaddrinfo failed
  [ERROR] on page 125: [Errno 11001] getaddrinfo failed
  [ERROR] on page 126: [Errno 11001] getaddrinfo failed
  [ERROR] on page 126: [Errno 11001] getaddrinfo failed
  [ERROR] on page 127: [Errno 11001] getaddrinfo failed
  [ERROR] on page 127: [Errno 11001] getaddrinfo failed
  [ERROR] on page 128: [Errno 11001] getaddrinfo failed
  [ERROR] on page 128: [Errno 11001] getaddrinfo failed
  [ERROR] on page 129: [Errno 11001] getaddrinfo failed
  [ERROR] on page 129: [Errno 11001] getaddrinfo failed
  [ERROR] on page 130: [Errno 11001] getaddrinfo failed
  [ERROR] on page 130: [Errno 11001] getaddrinfo failed
  [ERROR] on page 131: [Errno 11001] getaddrinfo failed
  [ERROR] on page 132: [Errno 11001] getaddrinfo failed
  [ERROR] on page 133: [Errno 11001] getaddrinfo failed
  [ERROR] on page 133: [Errno 11001] getaddrinfo failed
  [ERROR] on page 134: [Errno 11001] getaddrinfo failed
  [ERROR] on page 134: [Errno 11001] getaddrinfo failed
  [ERROR] on page 135: [Errno 11001] getaddrinfo failed
  [ERROR] on page 135: [Errno 11001] getaddrinfo failed
  [ERROR] on page 136: [Errno 11001] getaddrinfo failed
  [ERROR] on page 136: [Errno 11001] getaddrinfo failed
  [ERROR] on page 137: [Errno 11001] getaddrinfo failed
  [ERROR] on page 137: [Errno 11001] getaddrinfo failed
  [ERROR] on page 138: [Errno 11001] getaddrinfo failed
  [ERROR] on page 138: [Errno 11001] getaddrinfo failed
  [ERROR] on page 139: [Errno 11001] getaddrinfo failed
  [ERROR] on page 140: [Errno 11001] getaddrinfo failed
  [ERROR] on page 140: [Errno 11001] getaddrinfo failed
  [ERROR] on page 141: [Errno 11001] getaddrinfo failed
  [ERROR] on page 141: [Errno 11001] getaddrinfo failed
  [ERROR] on page 142: [Errno 11001] getaddrinfo failed
  [ERROR] on page 142: [Errno 11001] getaddrinfo failed
  [ERROR] on page 143: [Errno 11001] getaddrinfo failed
  [ERROR] on page 143: [Errno 11001] getaddrinfo failed
  [ERROR] on page 144: [Errno 11001] getaddrinfo failed
  [ERROR] on page 144: [Errno 11001] getaddrinfo failed
  [ERROR] on page 145: [Errno 11001] getaddrinfo failed
  [ERROR] on page 145: [Errno 11001] getaddrinfo failed
  [ERROR] on page 146: [Errno 11001] getaddrinfo failed
  [ERROR] on page 146: [Errno 11001] getaddrinfo failed
  [ERROR] on page 147: [Errno 11001] getaddrinfo failed
  [ERROR] on page 147: [Errno 11001] getaddrinfo failed
  [ERROR] on page 148: [Errno 11001] getaddrinfo failed
  [ERROR] on page 148: [Errno 11001] getaddrinfo failed
  [ERROR] on page 149: [Errno 11001] getaddrinfo failed
  [ERROR] on page 149: [Errno 11001] getaddrinfo failed
  [ERROR] on page 150: [Errno 11001] getaddrinfo failed
  [ERROR] on page 150: [Errno 11001] getaddrinfo failed
  [ERROR] on page 151: [Errno 11001] getaddrinfo failed
  [ERROR] on page 151: [Errno 11001] getaddrinfo failed
  [ERROR] on page 152: [Errno 11001] getaddrinfo failed
  [ERROR] on page 153: [Errno 11001] getaddrinfo failed
  [ERROR] on page 153: [Errno 11001] getaddrinfo failed
  [ERROR] on page 154: [Errno 11001] getaddrinfo failed
  [ERROR] on page 154: [Errno 11001] getaddrinfo failed
  [ERROR] on page 155: [Errno 11001] getaddrinfo failed
  [ERROR] on page 156: [Errno 11001] getaddrinfo failed
  [ERROR] on page 156: [Errno 11001] getaddrinfo failed
  [ERROR] on page 157: [Errno 11001] getaddrinfo failed
  [ERROR] on page 157: [Errno 11001] getaddrinfo failed
  [ERROR] on page 158: [Errno 11001] getaddrinfo failed
  [ERROR] on page 158: [Errno 11001] getaddrinfo failed
  [ERROR] on page 159: [Errno 11001] getaddrinfo failed
  [ERROR] on page 159: [Errno 11001] getaddrinfo failed
  [ERROR] on page 160: [Errno 11001] getaddrinfo failed
  [ERROR] on page 160: [Errno 11001] getaddrinfo failed
  [ERROR] on page 161: [Errno 11001] getaddrinfo failed
  [ERROR] on page 161: [Errno 11001] getaddrinfo failed
  [ERROR] on page 162: [Errno 11001] getaddrinfo failed
  [ERROR] on page 162: [Errno 11001] getaddrinfo failed
  [ERROR] on page 163: [Errno 11001] getaddrinfo failed
  [ERROR] on page 163: [Errno 11001] getaddrinfo failed
  [ERROR] on page 164: [Errno 11001] getaddrinfo failed
  [ERROR] on page 165: [Errno 11001] getaddrinfo failed
  [ERROR] on page 166: [Errno 11001] getaddrinfo failed
  [ERROR] on page 166: [Errno 11001] getaddrinfo failed
  [ERROR] on page 167: [Errno 11001] getaddrinfo failed
  [ERROR] on page 167: [Errno 11001] getaddrinfo failed
  [ERROR] on page 168: [Errno 11001] getaddrinfo failed
  [ERROR] on page 168: [Errno 11001] getaddrinfo failed
  [ERROR] on page 169: [Errno 11001] getaddrinfo failed
  [ERROR] on page 169: [Errno 11001] getaddrinfo failed
  [ERROR] on page 170: [Errno 11001] getaddrinfo failed
  [ERROR] on page 170: [Errno 11001] getaddrinfo failed
  [ERROR] on page 171: [Errno 11001] getaddrinfo failed
  [ERROR] on page 171: [Errno 11001] getaddrinfo failed
  [ERROR] on page 172: [Errno 11001] getaddrinfo failed
  [ERROR] on page 172: [Errno 11001] getaddrinfo failed
  [ERROR] on page 173: [Errno 11001] getaddrinfo failed
  [ERROR] on page 174: [Errno 11001] getaddrinfo failed
  [ERROR] on page 174: [Errno 11001] getaddrinfo failed
  [ERROR] on page 175: [Errno 11001] getaddrinfo failed
  [ERROR] on page 175: [Errno 11001] getaddrinfo failed
  [ERROR] on page 176: [Errno 11001] getaddrinfo failed
  [ERROR] on page 176: [Errno 11001] getaddrinfo failed
  [ERROR] on page 177: [Errno 11001] getaddrinfo failed
  [ERROR] on page 177: [Errno 11001] getaddrinfo failed
  [ERROR] on page 178: [Errno 11001] getaddrinfo failed
  [ERROR] on page 178: [Errno 11001] getaddrinfo failed
  [ERROR] on page 179: [Errno 11001] getaddrinfo failed
  [ERROR] on page 180: [Errno 11001] getaddrinfo failed
  [ERROR] on page 181: [Errno 11001] getaddrinfo failed
  [ERROR] on page 181: [Errno 11001] getaddrinfo failed
  [ERROR] on page 182: [Errno 11001] getaddrinfo failed
  [ERROR] on page 182: [Errno 11001] getaddrinfo failed
  [ERROR] on page 183: [Errno 11001] getaddrinfo failed
  [ERROR] on page 184: [Errno 11001] getaddrinfo failed
  [ERROR] on page 185: [Errno 11001] getaddrinfo failed
  [ERROR] on page 185: [Errno 11001] getaddrinfo failed
  [ERROR] on page 186: [Errno 11001] getaddrinfo failed
  [ERROR] on page 187: [Errno 11001] getaddrinfo failed
  [ERROR] on page 187: [Errno 11001] getaddrinfo failed
  [ERROR] on page 188: [Errno 11001] getaddrinfo failed
  [ERROR] on page 188: [Errno 11001] getaddrinfo failed
  [ERROR] on page 189: [Errno 11001] getaddrinfo failed
  [ERROR] on page 190: [Errno 11001] getaddrinfo failed
  [ERROR] on page 191: [Errno 11001] getaddrinfo failed
  [ERROR] on page 192: [Errno 11001] getaddrinfo failed
  [ERROR] on page 192: [Errno 11001] getaddrinfo failed
  [ERROR] on page 193: [Errno 11001] getaddrinfo failed
  [ERROR] on page 194: [Errno 11001] getaddrinfo failed
  [ERROR] on page 194: [Errno 11001] getaddrinfo failed
  [ERROR] on page 195: [Errno 11001] getaddrinfo failed
  [ERROR] on page 195: [Errno 11001] getaddrinfo failed
  [ERROR] on page 196: [Errno 11001] getaddrinfo failed
  [ERROR] on page 197: [Errno 11001] getaddrinfo failed
  [ERROR] on page 197: [Errno 11001] getaddrinfo failed
  [ERROR] on page 198: [Errno 11001] getaddrinfo failed
  [ERROR] on page 198: [Errno 11001] getaddrinfo failed
  [ERROR] on page 199: [Errno 11001] getaddrinfo failed
  [ERROR] on page 199: [Errno 11001] getaddrinfo failed
  [ERROR] on page 200: [Errno 11001] getaddrinfo failed
  [ERROR] on page 200: [Errno 11001] getaddrinfo failed
  [ERROR] on page 201: [Errno 11001] getaddrinfo failed
  [ERROR] on page 201: [Errno 11001] getaddrinfo failed
  [ERROR] on page 202: [Errno 11001] getaddrinfo failed
  [ERROR] on page 202: [Errno 11001] getaddrinfo failed
  [ERROR] on page 203: [Errno 11001] getaddrinfo failed
  [ERROR] on page 204: [Errno 11001] getaddrinfo failed
  [ERROR] on page 205: [Errno 11001] getaddrinfo failed
  [ERROR] on page 206: [Errno 11001] getaddrinfo failed
  [ERROR] on page 206: [Errno 11001] getaddrinfo failed
  [ERROR] on page 207: [Errno 11001] getaddrinfo failed
  [ERROR] on page 207: [Errno 11001] getaddrinfo failed
  [ERROR] on page 208: [Errno 11001] getaddrinfo failed
  [ERROR] on page 208: [Errno 11001] getaddrinfo failed
  [ERROR] on page 209: [Errno 11001] getaddrinfo failed
  [ERROR] on page 209: [Errno 11001] getaddrinfo failed
  [ERROR] on page 210: [Errno 11001] getaddrinfo failed
  [ERROR] on page 210: [Errno 11001] getaddrinfo failed
  [ERROR] on page 211: [Errno 11001] getaddrinfo failed
  [ERROR] on page 211: [Errno 11001] getaddrinfo failed
  [ERROR] on page 212: [Errno 11001] getaddrinfo failed
  [ERROR] on page 213: [Errno 11001] getaddrinfo failed
  [ERROR] on page 213: [Errno 11001] getaddrinfo failed
  [ERROR] on page 214: [Errno 11001] getaddrinfo failed
  [ERROR] on page 215: [Errno 11001] getaddrinfo failed
  [ERROR] on page 215: [Errno 11001] getaddrinfo failed
  [ERROR] on page 216: [Errno 11001] getaddrinfo failed
  [ERROR] on page 217: [Errno 11001] getaddrinfo failed
  [ERROR] on page 218: [Errno 11001] getaddrinfo failed
  [ERROR] on page 219: [Errno 11001] getaddrinfo failed
  [ERROR] on page 219: [Errno 11001] getaddrinfo failed
  [ERROR] on page 220: [Errno 11001] getaddrinfo failed
  [ERROR] on page 220: [Errno 11001] getaddrinfo failed
  [ERROR] on page 221: [Errno 11001] getaddrinfo failed
  [ERROR] on page 221: [Errno 11001] getaddrinfo failed
  [ERROR] on page 222: [Errno 11001] getaddrinfo failed
  [ERROR] on page 222: [Errno 11001] getaddrinfo failed
  [ERROR] on page 223: [Errno 11001] getaddrinfo failed
  [ERROR] on page 223: [Errno 11001] getaddrinfo failed
  [ERROR] on page 224: [Errno 11001] getaddrinfo failed
  [ERROR] on page 225: [Errno 11001] getaddrinfo failed
  [ERROR] on page 226: [Errno 11001] getaddrinfo failed
  [ERROR] on page 226: [Errno 11001] getaddrinfo failed
  [ERROR] on page 227: [Errno 11001] getaddrinfo failed
  [ERROR] on page 227: [Errno 11001] getaddrinfo failed
  [ERROR] on page 228: [Errno 11001] getaddrinfo failed
  [ERROR] on page 228: [Errno 11001] getaddrinfo failed
  [ERROR] on page 229: [Errno 11001] getaddrinfo failed
  [ERROR] on page 230: [Errno 11001] getaddrinfo failed
  [ERROR] on page 230: [Errno 11001] getaddrinfo failed
  [ERROR] on page 231: [Errno 11001] getaddrinfo failed
  [ERROR] on page 231: [Errno 11001] getaddrinfo failed
  [ERROR] on page 232: [Errno 11001] getaddrinfo failed
  [ERROR] on page 232: [Errno 11001] getaddrinfo failed
  [ERROR] on page 233: [Errno 11001] getaddrinfo failed
  [ERROR] on page 233: [Errno 11001] getaddrinfo failed
  [ERROR] on page 234: [Errno 11001] getaddrinfo failed
  [ERROR] on page 234: [Errno 11001] getaddrinfo failed
  [ERROR] on page 235: [Errno 11001] getaddrinfo failed
  [ERROR] on page 236: [Errno 11001] getaddrinfo failed
  [ERROR] on page 237: [Errno 11001] getaddrinfo failed
  [ERROR] on page 238: [Errno 11001] getaddrinfo failed
  [ERROR] on page 239: [Errno 11001] getaddrinfo failed
  [ERROR] on page 240: [Errno 11001] getaddrinfo failed
  [ERROR] on page 241: [Errno 11001] getaddrinfo failed
  [ERROR] on page 242: [Errno 11001] getaddrinfo failed
  [ERROR] on page 243: [Errno 11001] getaddrinfo failed
  [ERROR] on page 244: [Errno 11001] getaddrinfo failed
  [ERROR] on page 244: [Errno 11001] getaddrinfo failed
  [ERROR] on page 245: [Errno 11001] getaddrinfo failed
  [ERROR] on page 245: [Errno 11001] getaddrinfo failed
  [ERROR] on page 246: [Errno 11001] getaddrinfo failed
  [ERROR] on page 246: [Errno 11001] getaddrinfo failed
  [ERROR] on page 247: [Errno 11001] getaddrinfo failed
  [ERROR] on page 247: [Errno 11001] getaddrinfo failed
  [ERROR] on page 248: [Errno 11001] getaddrinfo failed
  [ERROR] on page 248: [Errno 11001] getaddrinfo failed
  [ERROR] on page 249: [Errno 11001] getaddrinfo failed
  [ERROR] on page 250: [Errno 11001] getaddrinfo failed
  [ERROR] on page 251: [Errno 11001] getaddrinfo failed
  [ERROR] on page 251: [Errno 11001] getaddrinfo failed
  [ERROR] on page 252: [Errno 11001] getaddrinfo failed
  [ERROR] on page 253: [Errno 11001] getaddrinfo failed
  [ERROR] on page 253: [Errno 11001] getaddrinfo failed
  [ERROR] on page 254: [Errno 11001] getaddrinfo failed
  [ERROR] on page 254: [Errno 11001] getaddrinfo failed
  [ERROR] on page 255: [Errno 11001] getaddrinfo failed
  [ERROR] on page 256: [Errno 11001] getaddrinfo failed
  [ERROR] on page 257: [Errno 11001] getaddrinfo failed
  [ERROR] on page 258: [Errno 11001] getaddrinfo failed
  [ERROR] on page 259: [Errno 11001] getaddrinfo failed
  [ERROR] on page 260: [Errno 11001] getaddrinfo failed
  [ERROR] on page 261: [Errno 11001] getaddrinfo failed
  [ERROR] on page 262: [Errno 11001] getaddrinfo failed
  [ERROR] on page 263: [Errno 11001] getaddrinfo failed
  [ERROR] on page 263: [Errno 11001] getaddrinfo failed
  [ERROR] on page 264: [Errno 11001] getaddrinfo failed
  [ERROR] on page 265: [Errno 11001] getaddrinfo failed
  [ERROR] on page 266: [Errno 11001] getaddrinfo failed
  [ERROR] on page 267: [Errno 11001] getaddrinfo failed
  [ERROR] on page 268: [Errno 11001] getaddrinfo failed
  [ERROR] on page 269: [Errno 11001] getaddrinfo failed
  [ERROR] on page 270: [Errno 11001] getaddrinfo failed
  [ERROR] on page 271: [Errno 11001] getaddrinfo failed
  [ERROR] on page 272: [Errno 11001] getaddrinfo failed
  [ERROR] on page 273: [Errno 11001] getaddrinfo failed
  [ERROR] on page 274: [Errno 11001] getaddrinfo failed
  [ERROR] on page 275: [Errno 11001] getaddrinfo failed
  [ERROR] on page 276: [Errno 11001] getaddrinfo failed
  [ERROR] on page 277: [Errno 11001] getaddrinfo failed
  [ERROR] on page 278: [Errno 11001] getaddrinfo failed
  [ERROR] on page 279: [Errno 11001] getaddrinfo failed
  [ERROR] on page 280: [Errno 11001] getaddrinfo failed
  [ERROR] on page 280: [Errno 11001] getaddrinfo failed
  [ERROR] on page 281: [Errno 11001] getaddrinfo failed
  [ERROR] on page 281: [Errno 11001] getaddrinfo failed
  [ERROR] on page 282: [Errno 11001] getaddrinfo failed
  [ERROR] on page 282: [Errno 11001] getaddrinfo failed
  [ERROR] on page 283: [Errno 11001] getaddrinfo failed
  [ERROR] on page 283: [Errno 11001] getaddrinfo failed
  [ERROR] on page 284: [Errno 11001] getaddrinfo failed
  [ERROR] on page 285: [Errno 11001] getaddrinfo failed
  [ERROR] on page 286: [Errno 11001] getaddrinfo failed
  [ERROR] on page 287: [Errno 11001] getaddrinfo failed
  [ERROR] on page 288: [Errno 11001] getaddrinfo failed
  [ERROR] on page 289: [Errno 11001] getaddrinfo failed